<?xml version="1.0" encoding="UTF-8"?>
<!-- Generated by org.testng.reporters.JUnitReportReporter -->
<testsuite skipped="0" hostname="DESKTOP-D96Q9MV" name="com.iNetbankingV2.testCases.TC003_AddCustomer" tests="1" failures="0" timestamp="2020-12-19T18:50:35 GMT" time="23.809" errors="0">
  <testcase name="addNewCustomer" time="23.809" classname="com.iNetbankingV2.testCases.TC003_AddCustomer"/>
  <system-out/>
</testsuite> <!-- com.iNetbankingV2.testCases.TC003_AddCustomer -->
